Arguments: 
  C:\Program Files\nodejs\node.exe C:\Program Files (x86)\Yarn\bin\yarn.js publish

PATH: 
  C:\Program Files\Python37\Scripts\;C:\Program Files\Python37\;C:\Program Files (x86)\Python37-32\Scripts\;C:\Program Files (x86)\Python37-32\;C:\Program Files (x86)\Common Files\NetSarang;C:\Program Files (x86)\AMD APP\bin\x86_64;C:\Program Files (x86)\AMD APP\bin\x86;C:\Windows\system32;C:\Windows;C:\Windows\System32\Wbem;C:\Windows\System32\WindowsPowerShell\v1.0\;C:\Program Files (x86)\ATI Technologies\ATI.ACE\Core-Static;C:\Program Files\Git\cmd;C:\Program Files\gettext\bin;C:\Program Files (x86)\Skype\Phone\;C:\Users\James\AppData\Local\Android\sdk\tools;C:\Users\James\AppData\Local\Android\sdk\platform-tools;C:\Program Files\Common Files\Autodesk Shared\;C:\Program Files (x86)\Autodesk\Backburner\;C:\Program Files\nodejs\;C:\Program Files\Microsoft VS Code\bin;C:\Program Files (x86)\Windows Kits\8.1\Windows Performance Toolkit\;C:\Program Files\Microsoft SQL Server\110\Tools\Binn\;D:\workspace\phantomjs\bin;C:\Program Files (x86)\Yarn\bin\;C:\Program Files\TortoiseGit\bin;C:\Users\James\AppData\Roaming\Python\Python37\Scripts;C:\Python27;C:\Python27\Scripts;C:\Program Files\gettext\bin;C:\Program Files\Microsoft VS Code\bin;C:\Users\James\AppData\Roaming\npm;C:\Users\James\AppData\Local\GitHubDesktop\bin;C:\Users\James\AppData\Local\Yarn\bin

Yarn version: 
  1.12.3

Node version: 
  10.7.0

Platform: 
  win32 x64

Trace: 
  Error: canceled
      at Interface.<anonymous> (C:\Program Files (x86)\Yarn\lib\cli.js:125278:13)
      at Interface.emit (events.js:182:13)
      at Interface._ttyWrite (readline.js:783:16)
      at ReadStream.onkeypress (readline.js:168:10)
      at ReadStream.emit (events.js:182:13)
      at emitKeys (internal/readline.js:422:14)
      at emitKeys.next (<anonymous>)
      at ReadStream.onData (readline.js:1022:36)
      at ReadStream.emit (events.js:182:13)
      at addChunk (_stream_readable.js:283:12)

npm manifest: 
  {
    "name": "coding",
    "version": "1.0.0",
    "main": "",
    "scripts": {
      "dev": "vuepress dev docs",
      "build": "vuepress build docs",
      "publish": "./deploy.bat"
    },
    "repository": "https://github.com/hijameszhang/coding.git",
    "author": "jameszhang <hellojameszhang@163.com>",
    "license": "MIT"
  }

yarn manifest: 
  No manifest

Lockfile: 
  No lockfile
